220213,800,4.0,1090994073
220213,1199,4.5,1058933425
220213,1580,4.5,1058924932
220213,1584,3.0,1077952779
220213,2542,4.0,1090993812
220213,3476,4.0,1077952940
220213,6592,4.0,1090994030
220214,2791,1.5,1106163921
220217,23,3.0,1081689235
220217,161,2.0,976180936
220217,1199,3.0,982641419
220217,1580,3.0,975443142
220217,1863,1.0,976183169
220217,2123,2.0,1081681678
220217,2302,2.0,1081688474
220217,2411,3.5,1090484936
220217,2453,1.0,975491541
220217,2470,5.0,975491755
220217,2490,4.0,976183841
220217,2542,5.0,976180968
220217,2791,5.0,975443715
220217,3262,0.5,1101720056
220217,3499,2.0,976180968
220217,3809,5.0,975443378
220217,3911,0.5,1096957045
220217,4317,2.5,1081727759
220217,4701,2.5,1081728522
220217,5171,1.0,1093060382
220217,5504,1.5,1081737138
220217,5900,0.5,1081680839
220217,7076,3.0,1081681985
220218,5060,4.0,1161518907
220225,161,4.0,839204466
220226,232,5.0,918681577
220226,1580,3.0,918680567
220226,1584,5.0,918681661
220230,23,2.0,966800687
220230,161,3.0,966800313
220230,800,4.0,964992657
220230,986,3.0,966788517
220230,1580,3.0,966787540
220230,2100,3.0,964989150
220230,2123,5.0,966827271
220230,2411,2.0,966788193
220230,2470,3.0,964989322
220230,2474,2.0,964989416
220230,2475,2.0,964989553
220230,2490,2.0,964991693
220230,2598,2.0,964991721
220230,2713,2.0,964991627
220230,2791,4.0,965624115
220230,2898,2.0,966801472
220230,3029,2.0,964988836
220230,3372,2.0,966787764
220230,3405,3.0,964990655
220230,3476,2.0,964992838
220230,3494,3.0,964990426
220230,3499,4.0,964992633
220230,3584,2.0,964989886
220230,3733,3.0,964988362
220230,5060,3.0,964992579
220231,161,5.0,829062320
220232,232,4.0,938812229
220232,800,5.0,938811853
220232,1199,5.0,962396127
220232,3911,5.0,971710370
220233,1580,5.0,1069193910
220233,2411,1.5,1069193316
220234,2302,4.0,1322928035
220235,1580,4.0,975392853
220235,2490,3.0,975392737
220236,1580,4.0,1111413023
220236,1584,3.5,1111413017
220236,2100,3.0,1111410329
220236,2598,2.0,1111410980
220236,2791,3.0,1111410494
220236,4317,2.5,1111411389
220236,4701,4.0,1111410779
220236,5060,4.5,1111413435
220236,6428,3.5,1111412741
220236,6743,3.0,1111412703
220237,1199,5.0,1452484824
220237,7099,5.0,1452483483
220237,70728,5.0,1470021678
220237,120637,0.5,1452484702
220238,7149,3.5,1491850756
220238,64957,5.0,1491849669
220239,1580,4.0,1385319624
220239,2713,3.5,1385319010
220213,3254,4.0,1059121978
220213,4975,4.5,1058925540
220216,1193,5.0,974949150
220217,110,5.0,975443715
220217,1193,3.5,1081688146
220217,2747,3.0,976182103
220217,3254,1.0,975443524
220217,4975,2.0,1081690226
220217,5582,3.0,1081727801
220217,5679,3.0,1081689967
220225,110,3.0,839204565
220226,110,5.0,918680604
220228,110,5.0,842972547
220230,110,4.0,964979615
220230,1193,5.0,964988064
220230,1940,4.0,964991053
220230,2747,3.0,966801230
220235,110,4.0,975392711
220237,110,3.5,1452483521
220237,1193,3.0,1452483346
220238,110,3.5,1491739679
220238,1193,4.5,1491851070
220239,110,3.5,1385319542
220213,778,4.5,1058933859
220213,5072,4.5,1059119160
220213,6545,4.5,1077956363
220217,3208,4.0,976182705
220217,4010,2.0,975489217
220217,5585,1.0,1093059727
220217,7075,4.0,1081725620
220230,778,3.0,964992685
220230,2524,3.0,964988585
220230,3208,1.0,966787928
220232,778,5.0,938812268
220237,778,5.0,1452483533
220213,919,5.0,1058924909
220215,117176,2.5,1469823990
220217,849,1.0,976184432
220217,919,3.0,975489568
220217,2354,1.5,1081680341
220217,2597,3.0,976182371
220217,4221,1.0,1081682312
220217,33615,1.0,1120217708
220230,849,2.0,966788119
220230,919,3.0,964991200
220230,2354,5.0,966827271
220230,3543,3.0,964988943
220232,247,5.0,938813310
220236,919,2.5,1111410605
220238,33615,2.5,1491850069
220217,429,3.0,976183066
220217,2353,3.5,1081688553
220219,3148,4.5,1337172992
220230,2353,3.0,966787649
220230,2613,3.0,964989416
220230,2932,2.0,964992601
220233,2353,4.5,1069187733
220234,2353,4.5,1322927983
220235,2353,3.0,975392737
220237,77455,5.0,1452483628
220237,112183,3.0,1452721832
220213,1499,0.5,1058928098
220213,2442,3.0,1058922909
220213,4427,4.5,1058926071
220217,1499,3.0,976184590
220217,2121,2.0,975491967
220217,2249,3.0,976182705
220230,1499,3.0,966788260
220230,2121,2.0,966800737
220230,2690,2.0,964991602
220230,3478,3.0,964989367
220236,3478,2.5,1111411458
220213,2155,2.5,1058937114
220213,2997,3.5,1058932358
220213,3863,5.0,1058924656
220213,7373,4.0,1103598776
220215,69784,4.0,1469824025
220217,1275,3.0,980590294
220217,2997,3.0,980587977
220217,3863,2.0,980587805
220217,5463,3.0,1081690518
220217,7373,3.0,1084710235
220225,144,2.0,839205076
220230,1275,1.0,964988943
220230,2997,3.0,964978814
220231,144,5.0,829062320
220232,2997,5.0,943378321
220238,2997,4.0,1491851149
220213,2916,4.0,1103599383
220213,3793,3.0,1077955857
220217,504,1.0,1113696503
220217,2702,2.0,975442610
220217,2916,4.5,1081688268
220217,3793,3.0,975443754
220217,8968,2.5,1115180590
220226,2916,3.0,961638819
220230,2075,2.0,964988976
220230,2916,3.0,966787540
220230,3167,3.0,964988362
220232,1175,5.0,938811322
220232,3793,4.0,971710370
220232,5460,3.0,1039110636
220233,718,5.0,1069193699
220235,2916,5.0,975392761
220237,1175,3.5,1452483590
220237,90374,4.0,1470023020
220238,3793,2.5,1491740008
220213,4921,4.5,1058989824
220217,1250,4.0,1103526234
220217,3697,3.0,976184307
220217,4149,2.0,1081690463
220217,4665,2.5,1081682250
220217,5225,2.5,1081690149
220217,5387,1.5,1093060173
220217,5538,2.5,1081727043
220217,7326,4.0,1093663119
220217,8360,3.0,1086586928
220217,34534,3.5,1125994971
220225,219,3.0,839205454
220226,308,3.0,918681696
220226,475,4.0,918681415
220226,3697,3.0,961638942
220230,695,2.0,966800421
220230,782,2.0,966800737
220230,1015,4.0,966788484
220230,1250,4.0,964990655
220230,1942,3.0,964990960
220230,3347,3.0,964992706
220230,3469,4.0,964980321
220230,3697,2.0,966788084
220232,475,3.0,938813689
220232,4149,3.0,986566618
220232,5225,4.0,1039110499
220235,3697,4.0,975393068
220236,1250,3.5,1111410600
220236,8360,3.0,1111413188
220239,8360,3.5,1385320348
220213,4011,4.0,1058936218
220217,1944,3.5,1103515459
220217,2273,5.0,976184083
220217,4011,5.0,1081689000
220222,2316,4.0,919297472
220226,2273,3.0,918680604
220230,1346,2.0,964989692
220230,1944,4.0,964990599
220230,2273,3.0,966787611
220236,2273,4.0,1111411013
220237,4011,4.0,1452483487
220237,55442,3.0,1452483603
220237,122882,5.0,1452483385
220238,4011,4.5,1491740902
220213,441,4.0,1077956298
220213,1517,4.0,1077956116
220214,1517,2.5,1106163888
220215,7438,5.0,1469823560
220215,91500,3.5,1469823933
220217,441,3.0,975492010
220217,551,5.0,975443754
220217,1013,2.0,1081725975
220217,1320,1.0,975490334
220217,1387,4.0,975489542
220217,1517,5.0,975443261
220217,1687,3.0,976184335
220217,1889,2.0,1099987963
220217,2169,1.0,1127486694
220217,2549,1.0,1099450985
220217,2822,1.5,1113696666
220217,3053,3.0,1090485973
220217,3147,3.0,1081681235
220217,3398,3.0,976181800
220217,4158,1.0,1081690560
220217,4293,2.5,1081726955
220217,4676,2.0,1081682253
220217,5650,3.5,1081680680
220217,6710,4.5,1085228161
220217,7438,5.0,1083652566
220217,31445,1.0,1106544283
220218,1320,4.0,1161518915
220220,1387,3.5,1085072497
220228,551,5.0,842972792
220228,1013,3.0,842973445
220229,662,4.0,854702993
220230,551,5.0,966826660
220230,631,5.0,966827484
220230,1013,3.0,964987972
220230,1286,3.0,964989340
220230,1303,3.0,964988097
220230,1320,2.0,966787967
220230,1337,3.0,966800898
220230,1387,4.0,964988157
220230,1992,1.0,966801472
220230,2822,2.0,966788636
220230,2871,4.0,964988193
220230,3017,3.0,966801585
220230,3147,4.0,964978844
220230,3204,2.0,964988230
220230,3311,4.0,964990426
220230,3398,1.0,966826715
220232,4158,3.0,986566603
220232,6104,4.0,1072208270
220234,1320,2.0,1322928069
220235,2822,3.0,975393617
220236,1286,3.0,1111411169
220236,1517,2.5,1111410547
220236,2871,2.0,1111410933
220237,3089,5.0,1452483449
220237,7438,5.0,1452483690
220237,62374,5.0,1452493148
220237,68237,3.5,1452485180
220237,88129,4.0,1470020277
220237,90057,4.0,1470022735
220238,3147,3.5,1491740793
220238,63082,3.5,1491740186
220239,3147,4.5,1385320940
220213,5013,4.0,1058933489
220217,438,2.0,976183426
220217,1376,3.0,976183690
220217,3114,4.0,975443050
220217,7000,3.0,1081727782
220223,1376,3.5,1373937326
220230,438,2.0,966788349
220230,1376,4.0,964989294
220230,2688,2.0,964991572
220230,3114,5.0,964979506
220234,1376,2.5,1322928080
220236,1376,3.0,1111410287
220236,3114,3.0,1111410478
220236,5013,1.5,1111413458
220239,3114,4.5,1385320164
220213,3994,2.5,1077954779
220213,5991,4.5,1058933144
220215,56367,5.0,1469824318
220215,74458,4.0,1469823855
220217,1203,5.0,975489499
220217,1665,3.0,976182901
220217,1839,1.0,976183405
220217,3791,2.5,1081726904
220217,3994,4.5,1091430206
220217,4504,1.5,1093062258
220217,4678,4.5,1081680720
220217,5296,1.5,1081682159
220217,5991,2.5,1096149169
220217,6166,0.5,1093059302
220217,6294,3.0,1081690465
220217,8340,3.5,1085951949
220217,8366,3.5,1113696394
220230,836,2.0,966788046
220230,1095,1.0,964992745
220230,1203,3.0,964990599
220230,1588,5.0,966827008
220230,1822,4.0,966827559
220230,1971,4.0,966801146
220230,2530,2.0,964988536
220230,2782,3.0,966801230
220230,3507,4.0,964987836
220230,3737,4.0,964987943
220230,3791,2.0,964989830
220232,7023,4.0,1072208211
220236,3791,3.5,1111410791
220238,56367,5.0,1491740221
220238,74458,4.5,1491849048
220213,3467,4.5,1058934354
220213,4327,4.0,1058925683
220213,33794,4.5,1120404365
220215,33794,5.0,1469823473
220215,109487,5.0,1469823468
220217,2083,3.0,1081691029
220217,4327,5.0,989956206
220217,33794,4.5,1120217718
220225,332,2.0,839205194
220230,132,2.0,966800759
220230,373,3.0,964979543
220230,1331,2.0,966801472
220230,1953,4.0,964988193
220230,2033,5.0,966827172
220230,2083,1.0,966826938
220230,2203,4.0,964990893
220230,2527,4.0,964988336
220230,3467,4.0,964980208
220236,8781,3.0,1111411274
220237,109487,5.0,1452483515
220238,109487,3.5,1491741420
220216,380,3.0,974949653
220217,380,4.0,975443213
220217,605,3.0,1081680619
220217,2539,4.0,975443378
220217,5254,2.5,1093060336
220225,380,3.0,839204379
220226,380,5.0,918680517
220228,380,3.0,842972466
220230,380,3.0,966787649
220230,2787,3.0,966801472
220230,3475,3.0,964990626
220232,535,4.0,938812705
220233,380,2.0,1069192554
220235,380,2.0,975392817
220236,380,3.5,1111410518
220236,2539,3.0,1111414050
220237,142115,5.0,1456283335
220217,719,3.0,976182424
220217,2278,3.0,1081688774
220217,4462,1.0,1093060876
220219,719,3.5,1337172928
220225,340,3.0,839206657
220225,719,3.0,839205223
220229,719,3.0,854702877
220230,340,2.0,966788578
220230,2278,3.0,966787496
220230,3392,1.0,964990070
220235,2278,3.0,975392817
220236,719,2.5,1111414455
220236,6999,3.0,1111413264
220213,914,4.5,1058923790
220213,5772,4.0,1103600631
220213,6337,4.0,1103602583
220217,913,3.0,1089460294
220217,2463,1.0,976181724
220217,2471,3.0,975491755
220217,6502,4.0,1081689720
220217,7647,0.5,1083817898
220229,706,2.0,854703211
220230,913,5.0,964990960
220230,914,5.0,964980288
220230,2059,5.0,966827172
220230,2471,2.0,964989830
220232,501,4.0,938812179
220237,501,4.0,1452484170
220239,3999,3.0,1385319053
220239,6502,4.5,1385320276
220213,2019,5.0,1058925671
220217,185,1.5,1081688113
220217,423,2.0,976184417
220217,780,2.5,1103526266
220217,1248,1.0,1124686823
220217,1378,1.0,975492570
220217,2019,5.0,982641488
220217,2111,3.0,976182042
220217,2458,3.0,976183297
220220,185,3.5,1085072695
220223,5,2.0,1373937320
220223,2019,4.5,1373939279
220225,5,4.0,839205162
220225,780,3.0,839204596
220226,780,5.0,918680684
220226,1672,3.0,918681635
220229,780,4.0,854702769
220230,185,3.0,966800737
220230,423,2.0,966788046
220230,780,3.0,966787764
220230,1248,3.0,964990566
220230,1378,2.0,964989626
220230,2019,5.0,964990529
220230,2111,2.0,964989243
220230,3066,2.0,964988477
220231,185,2.0,829062613
220234,5,3.5,1322928064
220235,780,3.0,975392853
220237,1248,4.0,1452484810
220237,2019,5.0,1452483402
220239,780,5.0,1385319565
220213,1247,4.0,1058934285
220213,3067,4.0,1058936235
220213,6934,0.5,1069570114
220217,1247,2.0,1081725953
220217,1495,1.0,975492264
220217,6934,3.0,1085881989
220230,1009,5.0,966827008
220230,1247,3.0,964980263
220230,2393,3.0,966787764
220230,2561,2.0,966800227
220230,3505,3.0,966800421
220233,3505,4.5,1069193887
220233,6934,2.0,1069192444
220235,2393,5.0,975392894
220237,1247,2.5,1452483503
220238,6934,2.0,1491740177
220213,1245,5.0,1058933984
220213,6709,0.5,1069570124
220215,99114,5.0,1469823550
220217,619,1.0,976183531
220217,2519,1.5,1095674815
220217,3858,1.0,1081690860
220217,6709,3.0,1092265145
220217,7293,3.0,1089787722
220217,30822,1.5,1115504867
220230,2519,3.0,966801230
220230,3873,3.0,966787356
220232,1245,4.0,938812357
220237,99114,4.0,1470020270
220238,46972,2.0,1491850368
220213,838,4.0,1058923477
220213,1285,4.0,1058935427
220213,1393,3.0,1077956126
220213,2711,2.5,1103602442
220213,4776,0.5,1058927413
220213,5388,4.5,1120404388
220217,420,3.0,976183148
220217,1393,2.0,1081688206
220217,2054,2.0,977642440
220217,2664,2.5,1081725669
220217,4776,2.5,1125974783
220217,5388,1.5,1099987961
220217,5942,1.0,1081682091
220217,7033,2.5,1081681110
220220,5388,3.5,1085072686
220224,420,5.0,834595007
220225,105,4.0,839205119
220226,105,3.0,918681802
220226,838,4.0,918681491
220228,420,3.0,842972646
220230,420,2.0,966788289
220230,2054,3.0,964989692
220230,2419,2.0,966800653
220230,2455,2.0,964989294
220230,2664,4.0,964990529
220230,3197,2.0,964989626
220230,3519,2.0,964988536
220232,1285,4.0,939529518
220232,5388,4.0,1039110589
220233,1393,5.0,1069192623
220236,420,2.0,1111413121
220236,2054,2.5,1111410307
220237,4776,3.0,1455683746
220237,109848,1.5,1470020542
220213,1653,3.0,1077952770
220213,5034,2.5,1103602477
220213,7162,3.5,1093626968
220215,114180,3.0,1469823962
220217,42,3.0,976184412
220217,1653,3.0,976181116
220217,1982,1.0,1098673834
220217,2247,1.0,976181926
220217,2413,3.0,975491701
220217,3189,2.0,1081689939
220217,3255,3.0,975443168
220217,4007,0.5,1103526163
220217,4064,2.0,1081726335
220217,4738,3.5,1119989882
220217,7162,2.5,1103526256
220217,7381,1.0,1091187716
220217,31685,2.5,1120217698
220225,477,3.0,839204565
220227,4007,4.0,1029637883
220230,42,3.0,966788228
220230,1982,3.0,964988157
220230,2247,2.0,964989322
220230,2867,4.0,964989467
220230,3250,3.0,965623908
220232,1653,5.0,938811375
220237,1653,4.0,1452484263
220239,3250,2.5,1385319114
220213,1597,3.5,1058922192
220213,2628,0.5,1058927887
220213,2761,4.5,1077955580
220215,4016,2.0,1469824493
220217,50,5.0,975489967
220217,153,1.0,976183066
220217,248,3.0,976182348
220217,538,0.5,1090484867
220217,733,3.0,976183778
220217,1407,3.0,976181039
220217,1597,4.0,976184083
220217,2410,1.0,976184112
220217,2469,3.0,976182242
220217,2628,1.0,976183895
220217,2761,5.0,976180855
220217,2770,1.0,975443466
220217,4016,3.5,1081689890
220217,4084,3.0,979782711
220217,7636,3.5,1083817910
220225,50,4.0,839204727
220225,153,3.0,839204410
220225,733,3.0,839204628
220226,733,5.0,918680485
220226,2628,4.0,961637898
220228,153,2.0,842972486
220229,733,5.0,854702795
220229,1006,5.0,854703098
220229,1407,5.0,854703379
220230,50,3.0,964979459
220230,153,2.0,966788119
220230,548,2.0,966788193
220230,733,3.0,966787686
220230,1407,3.0,966800385
220230,1427,2.0,966800825
220230,1597,2.0,966788011
220230,2410,3.0,964990016
220230,2469,3.0,964989444
220230,2628,3.0,966787578
220230,2761,5.0,966826483
220230,2770,2.0,964991450
220231,50,4.0,829062490
220231,178,5.0,829062490
220232,538,5.0,938812179
220232,994,4.0,938812179
220232,2628,1.0,938811375
220232,2761,5.0,938810700
220232,2770,3.0,943378856
220233,2628,3.0,1069195348
220235,153,2.0,975393163
220235,733,4.0,975392737
220235,1597,2.0,975392952
220235,2628,2.0,975392798
220236,153,3.0,1111413158
220236,1597,3.0,1111410535
220236,2410,2.0,1111410971
220236,2469,3.0,1111414103
220236,2628,2.5,1111410570
220236,4016,3.0,1111410775
220236,4084,3.0,1111410759
220237,50,4.5,1452484611
220239,2628,4.0,1385319874
220213,608,4.5,1058932757
220213,2263,0.5,1058925711
220213,6218,3.5,1103602647
220215,608,3.0,1469823859
220215,128360,4.0,1469823548
220217,95,1.0,976184083
220217,485,3.0,976182820
220217,514,3.5,1117850432
220217,608,5.0,975490013
220217,1345,1.0,1081681768
220217,2025,2.0,1098968350
220217,2786,1.0,976182881
220217,4066,2.0,979782753
220217,4499,3.5,1081726522
220217,8807,2.0,1127609084
220218,485,0.5,1161518970
220224,485,4.0,834595227
220225,95,3.0,839204824
220225,514,2.0,839205057
220225,608,2.0,839204596
220226,608,5.0,918681089
220228,485,3.0,842972861
220229,95,3.0,854702769
220229,608,4.0,854702795
220230,95,3.0,966787808
220230,485,2.0,966788119
220230,608,3.0,964979596
220230,947,4.0,965623676
220230,1345,3.0,964988260
220230,1551,5.0,966827008
220230,2025,2.0,964992504
220230,2160,4.0,964980393
220230,3705,2.0,966788318
220230,3734,2.0,964988918
220232,608,5.0,938811854
220235,95,2.0,975392967
220235,485,2.0,975393163
220236,2263,2.0,1111411598
220237,608,4.0,1452483472
220237,128360,2.0,1470020283
220213,1214,4.0,1058932937
220213,6377,4.5,1077956459
220213,6776,5.0,1069570597
220215,1214,5.0,1469823669
220215,6377,3.0,1469824270
220217,88,5.0,975490498
220217,1214,4.0,975490334
220217,3301,2.0,1091187714
220217,5785,3.5,1081680245
220217,6377,2.0,1081680490
220218,6377,3.5,1161518985
220229,1363,5.0,854703137
220230,1214,4.0,964988157
220230,2745,2.0,964992525
220230,2753,2.0,964989553
220230,2922,3.0,964990426
220230,2935,3.0,965623700
220230,3097,3.0,965623676
220230,3269,2.0,966788613
220232,1214,4.0,962396127
220232,6377,5.0,1073368327
220235,3269,4.0,975393617
220236,6377,4.0,1111413301
220237,1214,5.0,1452483500
220238,6377,5.0,1491740021
220239,3301,3.5,1385318889
220239,6377,5.0,1385320267
220213,1188,4.0,1069571724
220213,2359,4.0,1058936891
220213,2843,5.0,1058923894
220215,2404,5.0,1469823734
220215,122886,4.5,1469823813
220217,10,3.0,976183921
220217,377,2.0,976183800
220217,1188,1.0,975443466
220217,1954,3.5,1081688464
220217,2014,1.0,976182445
220217,2359,5.0,976181039
220217,6618,4.5,1104229958
220219,2359,0.5,1337173061
220223,5389,2.5,1373938664
220223,6371,0.5,1373938911
220224,377,4.0,834595107
220225,377,5.0,839204727
220226,377,5.0,918680518
220228,377,3.0,842972589
220230,10,3.0,966787764
220230,377,4.0,966787496
220230,1882,2.0,966788289
220230,1954,4.0,964988260
220230,2014,3.0,964988501
220230,2183,3.0,964990691
220230,2359,3.0,964979568
220230,2404,2.0,964990070
220230,2414,3.0,966787578
220230,3203,2.0,966800385
220230,3362,4.0,964988260
220230,3682,3.0,964988421
220231,10,4.0,829061826
220233,10,4.0,1069195262
220233,377,3.5,1069193599
220233,1954,2.5,1069193305
220235,10,4.0,975392853
220235,377,3.0,975392761
220235,1882,1.0,975393323
220236,2359,4.5,1111411025
220236,3362,2.5,1111410823
220236,7720,4.0,1111413219
220237,1251,5.0,1452721829
220237,3362,3.0,1452483583
220237,57669,3.5,1452483669
220237,122886,5.0,1452483377
220238,57669,5.0,1491849673
220238,97938,5.0,1491739796
220239,377,5.0,1385319637
220213,2700,5.0,1077953271
220213,3113,0.5,1058927486
220213,3160,3.0,1058934131
220213,3741,2.0,1058932887
220213,8949,3.5,1120404352
220216,3741,5.0,974949203
220217,2394,4.0,980588242
220217,2700,3.0,975490801
220217,3098,3.0,1081680559
220217,3113,2.0,976184473
220217,3160,1.5,1081688684
220217,3704,2.0,976183841
220217,7361,4.0,1082414867
220217,8949,1.5,1116045486
220217,27801,5.0,1108631501
220221,7361,4.5,1186279017
220229,83,4.0,854703117
220230,2700,3.0,964991776
220230,3098,4.0,964989150
220230,3113,1.0,964991529
220230,3287,5.0,966827231
220230,3420,3.0,964988336
220230,3704,2.0,964989492
220230,3741,3.0,965623596
220236,2394,3.0,1111410961
220236,3098,3.5,1111414009
220237,3160,5.0,1452491792
220237,3741,5.0,1476238891
220237,7361,4.0,1452485182
220238,7361,4.0,1491848841
220213,1965,5.0,1058926645
220213,2336,3.0,1058933441
220213,2437,2.0,1058925243
220213,2940,4.0,1106591029
220213,4378,4.0,1058935785
220213,4419,5.0,1077956060
220213,5876,4.5,1058932610
220217,374,1.0,976183297
220217,1025,3.5,1081689339
220217,2124,2.0,975443276
220217,2195,5.0,975443564
220217,2428,1.0,980588078
220217,2763,4.0,976183740
220217,3095,4.0,980589433
220217,3328,4.5,1092265133
220217,4388,2.0,1081690533
220217,5628,4.0,1081682112
220217,6378,2.5,1090997256
220217,7387,1.0,1081726146
220217,7458,2.5,1103526278
220217,30707,3.0,1123876635
220217,30793,5.0,1122489367
220222,2336,5.0,919297342
220223,5380,5.0,1373937631
220225,60,3.0,839204883
220225,261,3.0,839205057
220225,361,3.0,839206226
220226,1356,4.0,918680426
220228,237,3.0,842972895
220228,374,3.0,842972981
220228,1025,3.0,842973418
220229,1356,4.0,854702860
220230,60,1.0,966826938
220230,374,5.0,966827374
220230,456,3.0,964992838
220230,463,2.0,966800044
220230,1008,3.0,964990426
220230,1025,3.0,964987972
220230,1244,3.0,964988193
220230,1356,3.0,966787578
220230,1674,4.0,964988866
220230,2336,4.0,964991529
220230,2428,2.0,964991554
220230,2763,2.0,964991806
220230,2868,2.0,964989961
220230,2896,3.0,964980321
220230,2903,2.0,964989861
220230,3095,5.0,964990934
220230,3272,2.0,966800179
220230,3400,5.0,966827429
220230,3504,3.0,964988230
220230,3801,4.0,964990719
220231,194,4.0,829062321
220232,194,4.0,943378791
220232,1965,5.0,939529440
220233,1541,4.0,1069194278
220235,1356,5.0,975392876
220235,2763,4.0,975392926
220236,1244,3.0,1111411152
220236,1356,3.5,1111413042
220236,1674,2.0,1111414193
220236,2763,3.5,1111414041
220236,3504,3.5,1111413611
220237,1217,3.5,1469754008
220237,1244,4.0,1452483523
220237,3328,3.0,1476240205
220237,30707,2.5,1452483764
220237,56782,5.0,1452491786
220238,4388,0.5,1491850389
220238,30707,5.0,1491739281
220238,41566,2.5,1491849419
220213,1197,4.0,1058933118
220213,1269,4.5,1058924307
220213,2550,4.0,1103602459
220213,5812,4.5,1077955998
220213,6296,4.0,1103600445
220213,7454,3.5,1103598821
220215,103249,2.0,1469823959
220217,786,2.0,976184393
220217,1197,5.0,975489471
220217,1485,5.0,975443243
220217,2003,2.0,1081726686
220217,2134,3.0,1081689226
220217,3385,3.0,975492384
220217,3689,3.0,976183379
220217,3726,2.0,1089501161
220217,3988,4.0,976182757
220217,4222,2.0,1081727258
220217,6764,3.5,1081680824
220217,7454,2.0,1085378995
220217,8268,2.5,1085951970
220217,8364,4.5,1098005758
220223,720,3.5,1373937394
220225,786,3.0,839205139
220227,1197,4.0,1029637840
220229,786,5.0,854702834
220230,125,3.0,965623830
220230,416,1.0,964990464
220230,1077,3.0,964988193
220230,1197,3.0,964988812
220230,1983,2.0,964988866
220230,2003,3.0,964989522
220230,2122,1.0,966801916
220230,2134,2.0,964989553
220230,2477,1.0,964989654
220230,2550,3.0,965623726
220230,3689,1.0,964990093
220230,3726,2.0,965623645
220232,125,5.0,938813228
220232,1197,5.0,939529180
220235,786,3.0,975393006
220235,2003,4.0,975392602
220236,1077,3.5,1111414337
220236,1269,4.5,1111411176
220236,1485,2.5,1111410587
220237,1197,4.0,1452483412
220237,77307,5.0,1470020313
220237,116799,5.0,1452491791
220238,86880,1.5,1491850447
220213,1732,3.0,1077952772
220213,3503,5.0,1090993877
220213,4720,4.0,1058935227
220215,111360,1.5,1469823999
220217,370,1.5,1089501170
220217,500,3.0,975443299
220217,594,3.5,1092788132
220217,1047,0.5,1090484917
220217,1732,5.0,975443354
220217,1739,1.0,976184628
220217,2686,4.0,980588242
220217,4720,2.0,1085783494
220217,5283,1.5,1081690615
220217,30825,1.5,1113696005
220225,500,3.0,839204628
220225,594,3.0,839204727
220227,1350,4.0,1029637883
220227,1732,4.0,1029637840
220228,500,3.0,842972611
220228,594,3.0,842972842
220230,594,4.0,964991223
220230,1047,2.0,966787720
220230,1350,4.0,964992952
220230,2374,3.0,964989779
220230,2441,2.0,966802135
220230,2532,1.0,964988477
220230,2756,2.0,966788046
220230,2790,1.0,964989692
220230,2802,2.0,964989692
220230,3491,3.0,964989267
220233,370,4.5,1069187613
220234,370,0.5,1322928038
220235,1047,5.0,975392876
220236,500,3.0,1111413130
220236,1350,3.0,1111411136
220236,5458,2.5,1111412776
220237,1732,5.0,1470020831
220238,4720,5.0,1491849304
220238,36517,4.0,1491850403
220239,500,3.5,1385319818
220239,4720,3.0,1385319746
220213,1235,4.5,1107880869
220213,5377,4.0,1077955512
220217,2421,2.0,976184457
220217,2799,1.0,976183546
220217,4477,0.5,1081682278
220217,5377,2.5,1081728167
220230,2178,3.0,964988283
220230,2421,2.0,964989961
220230,2531,1.0,964988559
220230,2819,4.0,964988230
220230,3445,3.0,964988421
220236,2421,2.5,1111414079
220237,1235,4.0,1452483586
220237,2819,4.5,1470019902
220213,670,4.5,1103599055
220213,899,4.0,1103600121
220213,1301,5.0,1058926589
220213,1748,4.5,1058926723
220213,3330,2.5,1059119885
220213,4848,4.0,1077953638
220213,6183,4.5,1058937084
220217,360,0.5,1081681929
220217,1748,3.0,980589491
220217,3107,3.0,1081688918
220217,4848,3.5,1081689462
220217,5331,0.5,1092787911
220217,5949,3.5,1081736543
220219,3107,5.0,1337172944
220230,360,2.0,966788419
220230,707,1.0,966800158
220230,837,5.0,966826563
220230,899,4.0,964990626
220230,1301,4.0,964990751
220230,1748,3.0,966800358
220230,2851,2.0,964988585
220230,3107,3.0,966787890
220230,3330,3.0,964992633
220230,3788,3.0,964980393
220232,3083,5.0,962395846
220235,3107,4.0,975392761
220236,837,3.0,1111414420
220236,3107,3.0,1111410881
220236,6183,2.0,1111412744
220237,1748,3.5,1452485284
220237,3788,5.0,1470021517
220237,4848,3.5,1470020306
220213,1206,5.0,1058924594
220213,1211,5.0,1058928891
220213,2712,5.0,1077952766
220213,3155,2.5,1077952967
220213,5603,4.0,1077955900
220213,6244,3.0,1103600259
220214,16,1.5,1106163901
220216,1513,3.0,974949368
220217,16,5.0,976181020
220217,1206,3.0,980589194
220217,1468,1.0,976182977
220217,1513,1.5,1081688780
220217,2329,5.0,976180855
220217,2712,3.0,980588078
220217,3155,3.0,980587956
220217,7016,1.0,1083818448
220220,1206,2.0,1085072153
220225,16,3.0,839204824
220229,63,3.0,854702972
220229,725,3.0,854703010
220230,16,2.0,966800385
220230,942,3.0,964990960
220230,1206,2.0,964988097
220230,1513,2.0,964991749
220231,16,4.0,829061826
220233,2712,3.5,1069187592
220237,1206,3.5,1452485183
220237,2329,5.0,1452483405
220239,2329,4.0,1385319342
220213,1202,4.5,1058925201
220213,1476,0.5,1058927607
220213,2968,4.5,1077956480
220213,3996,4.5,1058926103
220213,4874,3.5,1077955847
220213,6785,4.5,1103598786
220215,98809,4.0,1469824503
220217,508,3.0,1081727521
220217,1476,1.0,975443328
220217,2714,4.0,1081737294
220217,2968,2.0,1081688731
220217,3996,2.5,1125479694
220217,6785,3.5,1081682018
220217,8644,3.0,1103277519
220225,508,3.0,839204565
220226,508,4.0,918681696
220230,1952,3.0,964992525
220230,2364,1.0,964978760
220230,2537,1.0,964988637
220230,2714,3.0,964991825
220230,2968,3.0,964988784
220230,3678,2.0,964990599
220230,3732,2.0,964988501
220236,2968,3.0,1111413997
220237,2968,5.0,1452485444
220237,33162,5.0,1452485015
220238,98809,2.0,1491739811
220217,1747,2.0,1107656168
220217,2142,2.0,976182960
220217,2152,1.0,975491282
220217,6535,2.0,1081681113
220217,7019,1.5,1081726715
220225,253,3.0,839204490
220226,1747,4.0,918681802
220228,253,3.0,842972565
220230,253,3.0,966801082
220230,2142,5.0,966827429
220230,2389,1.0,966800245
220230,3727,3.0,964988866
220232,5450,4.0,1041569554
220236,1747,3.0,1111410563
220213,5265,4.0,1077953877
220217,327,1.0,976183405
220217,1088,0.5,1081688638
220217,1777,5.0,975443328
220217,5265,1.5,1081690644
220217,6002,3.0,1081736720
220221,327,1.5,1186278980
220223,55269,5.0,1373939415
220228,327,5.0,842972938
220230,330,3.0,966801146
220230,929,3.0,965624037
220230,1088,3.0,964989591
220230,1945,4.0,964990626
220230,2847,3.0,964991174
220232,327,4.0,938811490
220236,4495,3.5,1111412846
220237,55269,5.0,1476240025
220213,497,4.0,1058935869
220213,1475,2.5,1103600245
220213,1924,2.0,1077953463
220213,2565,5.0,1058937540
220213,3535,4.5,1059120774
220213,4306,4.0,1077955855
220213,4881,3.0,1058934150
220213,6807,4.0,1077953396
220214,4306,0.5,1106163939
220215,4306,4.0,1469824259
220215,69481,2.5,1469823904
220217,379,3.0,976184495
220217,588,3.0,975443168
220217,1220,2.0,1081688306
220217,1371,3.0,976184335
220217,1569,3.0,976182064
220217,1603,1.0,1113696491
220217,1924,1.0,1081725793
220217,2194,3.0,1113696358
220217,2565,3.0,980589906
220217,2993,3.0,975492187
220217,3489,3.5,1081680171
220217,3535,5.0,975444129
220217,4306,2.0,1081688437
220217,4961,3.0,1081728290
220217,6807,3.5,1081726608
220217,7265,1.0,1093333720
220217,7716,4.0,1083817849
220217,32019,1.0,1114658691
220218,2194,2.5,1161518880
220219,1569,4.0,1337172889
220220,4306,4.5,1085072302
220223,1371,3.5,1373937364
220225,497,3.0,839205716
220225,588,3.0,839204410
220228,497,3.0,842972829
220228,588,3.0,842972485
220230,13,5.0,966826483
220230,379,2.0,966788154
220230,588,5.0,966826660
220230,1220,3.0,964989003
220230,1371,2.0,966787967
220230,1972,4.0,966801146
220230,1988,1.0,966801647
220230,2194,4.0,964978714
220230,2398,3.0,964991053
220230,2565,3.0,964990655
220230,2993,4.0,964987918
220230,3044,3.0,966800385
220230,3489,2.0,966788680
220230,3610,2.0,964988004
220231,588,5.0,829062490
220232,1220,3.0,939529518
220232,2682,4.0,938812051
220232,3535,2.0,1041570101
220232,3908,2.0,971710419
220232,6807,5.0,1072208228
220233,4306,3.0,1069187739
220235,169,2.0,975393617
220235,3489,4.0,975393640
220236,588,4.5,1111413086
220236,1371,3.0,1111411120
220236,6143,3.0,1111413324
220237,6807,5.0,1452483761
220237,69481,4.0,1452484257
220237,78836,4.0,1452721818
220237,106100,2.5,1452483634
220238,4306,5.0,1491739990
220238,116797,4.0,1491740850
220239,588,2.5,1385321100
220239,4306,4.0,1385320864
220213,3000,4.5,1077955767
220217,145,3.0,1081680091
220217,351,1.0,976182297
220217,553,5.0,980590255
220217,1566,3.0,976182183
220217,2291,4.0,975442798
220217,3000,5.0,986969442
220217,8622,3.0,1090484463
220217,8783,2.0,1091430281
220219,8622,4.5,1337172965
220220,2291,3.5,1085072232
220225,145,3.0,839205099
220225,351,3.0,839206287
220225,553,3.0,839204596
220229,639,3.0,854703076
220230,145,3.0,966787808
220230,553,4.0,964990426
220230,1566,3.0,966788517
220230,2009,3.0,964988387
220230,2291,3.0,965623830
220232,2291,4.0,938813589
220237,3000,4.5,1452483468
